Base path: C:/Program Files (x86)/Unity/Editor/Data
Pipe name: \\.\pipe\UnityShaderCompiler-4-3484
Cmd: getPlatforms
Cmd: compileSnippet
  api=0 type=0 insize=6009 outsize=438 kw=DIRECTIONAL SHADOWS_OFF LIGHTMAP_ON DIRLIGHTMAP_OFF ok=1
Cmd: compileSnippet
  api=4 type=0 insize=6009 outsize=1493 kw=DIRECTIONAL SHADOWS_OFF LIGHTMAP_ON DIRLIGHTMAP_OFF ok=1
Cmd: compileSnippet
  api=4 type=0 insize=6009 outsize=4337 kw=DIRECTIONAL SHADOWS_SCREEN LIGHTMAP_OFF DIRLIGHTMAP_OFF ok=1
Cmd: compileSnippet
  api=4 type=0 insize=6009 outsize=1883 kw=DIRECTIONAL SHADOWS_SCREEN LIGHTMAP_ON DIRLIGHTMAP_OFF ok=1
Cmd: compileSnippet
  api=0 type=0 insize=6009 outsize=2098 kw=DIRECTIONAL SHADOWS_OFF LIGHTMAP_OFF DIRLIGHTMAP_OFF VERTEXLIGHT_ON ok=1
Cmd: compileSnippet
  api=0 type=0 insize=6009 outsize=2196 kw=DIRECTIONAL SHADOWS_SCREEN LIGHTMAP_OFF DIRLIGHTMAP_OFF VERTEXLIGHT_ON ok=1
Cmd: compileSnippet
  api=8 type=0 insize=6009 outsize=9206 kw=DIRECTIONAL SHADOWS_SCREEN LIGHTMAP_OFF DIRLIGHTMAP_OFF VERTEXLIGHT_ON ok=1
Cmd: compileSnippet
  api=0 type=1 insize=6009 outsize=276 kw=DIRECTIONAL SHADOWS_OFF LIGHTMAP_ON DIRLIGHTMAP_OFF ok=1
Cmd: compileSnippet
  api=1 type=1 insize=6009 outsize=210 kw=DIRECTIONAL SHADOWS_OFF LIGHTMAP_ON DIRLIGHTMAP_OFF ok=1
Cmd: compileSnippet
  api=0 type=1 insize=6009 outsize=1205 kw=DIRECTIONAL SHADOWS_SCREEN LIGHTMAP_OFF DIRLIGHTMAP_OFF ok=1
Cmd: compileSnippet
  api=0 type=1 insize=6009 outsize=454 kw=DIRECTIONAL SHADOWS_SCREEN LIGHTMAP_ON DIRLIGHTMAP_OFF ok=1
Cmd: compileSnippet
  api=8 type=1 insize=6009 outsize=2357 kw=DIRECTIONAL SHADOWS_SCREEN LIGHTMAP_ON DIRLIGHTMAP_OFF ok=1
Cmd: compileSnippet
  api=1 type=0 insize=3852 outsize=780 kw=POINT ok=1
Cmd: compileSnippet
  api=8 type=0 insize=3852 outsize=4177 kw=DIRECTIONAL ok=1
Cmd: compileSnippet
  api=0 type=0 insize=3852 outsize=1314 kw=POINT_COOKIE ok=1
Cmd: compileSnippet
  api=8 type=0 insize=3852 outsize=5330 kw=POINT_COOKIE ok=1
Cmd: compileSnippet
  api=0 type=1 insize=3852 outsize=1063 kw=DIRECTIONAL ok=1
Cmd: compileSnippet
  api=1 type=1 insize=3852 outsize=945 kw=DIRECTIONAL ok=1
Cmd: compileSnippet
  api=1 type=1 insize=3852 outsize=1254 kw=SPOT ok=1
Cmd: compileSnippet
  api=0 type=1 insize=3852 outsize=1295 kw=POINT_COOKIE ok=1
Cmd: compileSnippet
  api=4 type=1 insize=3852 outsize=3151 kw=POINT_COOKIE ok=1
Cmd: compileSnippet
  api=8 type=1 insize=3852 outsize=4396 kw=DIRECTIONAL_COOKIE ok=1
