Base path: C:/Program Files (x86)/Unity/Editor/Data
Pipe name: \\.\pipe\UnityShaderCompiler-1-23700
Cmd: getPlatforms
Cmd: preprocess
  insize=464 outsize=464 ok=1
Cmd: preprocess
  insize=848 outsize=848 ok=1
Cmd: preprocess
  insize=1101 outsize=904 ok=1
Cmd: preprocess
  insize=495 outsize=495 ok=1
Cmd: preprocess
  insize=876 outsize=876 ok=1
Cmd: preprocess
  insize=769 outsize=769 ok=1
Cmd: preprocess
  insize=2309 outsize=1143 ok=1
Cmd: compileSnippet
  api=4 type=0 insize=6009 outsize=3980 kw=DIRECTIONAL SHADOWS_OFF LIGHTMAP_OFF DIRLIGHTMAP_OFF ok=1
Cmd: compileSnippet
  api=4 type=1 insize=6009 outsize=2850 kw=DIRECTIONAL SHADOWS_OFF LIGHTMAP_OFF DIRLIGHTMAP_OFF ok=1
Cmd: compileSnippet
  api=4 type=0 insize=3852 outsize=3630 kw=POINT ok=1
Cmd: compileSnippet
  api=4 type=1 insize=3852 outsize=3021 kw=POINT ok=1
Cmd: preprocess
  insize=638 outsize=638 ok=1
Cmd: preprocess
  insize=1654 outsize=1035 ok=1
Cmd: preprocess
  insize=1246 outsize=422 ok=1
Cmd: preprocess
  insize=1207 outsize=411 ok=1
Cmd: preprocess
  insize=1426 outsize=1426 ok=1
Cmd: preprocess
  insize=334 outsize=334 ok=1
Cmd: preprocess
  insize=1574 outsize=702 ok=1
Cmd: preprocess
  insize=664 outsize=664 ok=1
Cmd: preprocess
  insize=1000 outsize=1000 ok=1
Cmd: compileSnippet
  api=4 type=0 insize=3852 outsize=2850 kw=DIRECTIONAL ok=1
Cmd: compileSnippet
  api=4 type=1 insize=3852 outsize=2704 kw=DIRECTIONAL ok=1
